C51 COMPILER V9.60.7.0   MATRIXKEY                                                         10/06/2024 22:14:16 PAGE 1   


C51 COMPILER V9.60.7.0, COMPILATION OF MODULE MATRIXKEY
OBJECT MODULE PLACED IN .\Objects\MatrixKey.obj
COMPILER INVOKED BY: N:\download2023\Keil_v5\C51\BIN\C51.EXE MatrixKey.c OPTIMIZE(8,SPEED) BROWSE INCDIR(.\Objects\LCD16
                    -02.h) DEBUG OBJECTEXTEND PRINT(.\Listings\MatrixKey.lst) TABS(2) OBJECT(.\Objects\MatrixKey.obj)

line level    source

   1          #include <REGX52.H>
   2          unsigned char h,c,Mkey,keyl,keyc,key;
   3          char ij;
   4          const unsigned char MASK=0x01;
   5          unsigned char i,j;
   6          
   7          void Delay(unsigned int xms)//为了方便塞了一个delay函数进来，但好像不规范
   8          {
   9   1        while (xms--)
  10   1        {
  11   2          
  12   2      
  13   2          i = 2;
  14   2          j = 239;
  15   2          do
  16   2          {
  17   3            while (--j);
  18   3          } while (--i);
  19   2        }
  20   1      }
  21          
  22          unsigned char m_key()  //逐行扫描，输出高低电位反转得出的八位二进制数
  23          {
  24   1        while(1)
  25   1        {
  26   2          c=0;
  27   2          h=0;
  28   2          P1 = 0xF0;
  29   2          //四行分别为P14-P17；四列分别为P10-P13
  30   2          if (P1!=0xF0)
  31   2          {
  32   3            Delay(5);
  33   3            if(P1!=0xF0)
  34   3            {
  35   4              c = P1;
  36   4              P1 = 0x0F;
  37   4              if(P1 != 0x0F)
  38   4              {
  39   5                h = P1;
  40   5                while(1)
  41   5                {
  42   6                  if(P1==0x0F)
  43   6                  {
  44   7                    return c+h;//返回值形式为行数+列数
  45   7                  }
  46   6                }
  47   5              }
  48   4            }
  49   3          }
  50   2        }
  51   1      }
  52          
  53          unsigned char KeyNumber(unsigned char mkeyout)//转化为1-16的编号
  54          {
C51 COMPILER V9.60.7.0   MATRIXKEY                                                         10/06/2024 22:14:16 PAGE 2   

  55   1        Mkey = 0;
  56   1        key = ~mkeyout;
  57   1        //key = ~key;
  58   1        keyc = key<<4;
  59   1        keyc >>= 4;
  60   1        keyl = key>>4;
  61   1        /*取得高低点位翻转法输出的八位二进制数的后四位（列数keyc）和
  62   1        前四位（行数keyl）*/
  63   1        for(ij=13;ij>=0;ij-=4)
  64   1        {
  65   2          Mkey += (keyl&MASK)*ij;
  66   2          keyl >>= 1;
  67   2        }
  68   1        for(ij=3;ij>=0;ij--)
  69   1        {
  70   2          Mkey += (keyc&MASK)*ij;
  71   2          keyc = keyc>>1;
  72   2        }
  73   1        return Mkey;
  74   1      }


MODULE INFORMATION:   STATIC OVERLAYABLE
   CODE SIZE        =    175    ----
   CONSTANT SIZE    =   ----    ----
   XDATA SIZE       =   ----    ----
   PDATA SIZE       =   ----    ----
   DATA SIZE        =     10    ----
   IDATA SIZE       =   ----    ----
   BIT SIZE         =   ----    ----
END OF MODULE INFORMATION.


C51 COMPILATION COMPLETE.  0 WARNING(S),  0 ERROR(S)
