C51 COMPILER V9.60.7.0   TMP                                                               09/30/2024 22:09:03 PAGE 1   


C51 COMPILER V9.60.7.0, COMPILATION OF MODULE TMP
OBJECT MODULE PLACED IN .\Objects\TMP.obj
COMPILER INVOKED BY: N:\download2023\Keil_v5\C51\BIN\C51.EXE TMP.c OPTIMIZE(8,SPEED) BROWSE DEBUG OBJECTEXTEND PRINT(.\L
                    -istings\TMP.lst) TABS(2) OBJECT(.\Objects\TMP.obj)

line level    source

   1          #include <REGX52.H>
   2          
   3          void TMP(unsigned int xms)//@12.000MHz
   4          {
   5   1        while (xms--)
   6   1        {
   7   2          unsigned char data i, j;
   8   2      
   9   2          i = 12;
  10   2          j = 169;
  11   2          do
  12   2          {
  13   3            while (--j);
  14   3          } while (--i);
  15   2        }
  16   1      }


MODULE INFORMATION:   STATIC OVERLAYABLE
   CODE SIZE        =     25    ----
   CONSTANT SIZE    =   ----    ----
   XDATA SIZE       =   ----    ----
   PDATA SIZE       =   ----    ----
   DATA SIZE        =   ----       2
   IDATA SIZE       =   ----    ----
   BIT SIZE         =   ----    ----
END OF MODULE INFORMATION.


C51 COMPILATION COMPLETE.  0 WARNING(S),  0 ERROR(S)
