C51 COMPILER V9.60.7.0   MAIN                                                              10/04/2024 00:17:14 PAGE 1   


C51 COMPILER V9.60.7.0, COMPILATION OF MODULE MAIN
OBJECT MODULE PLACED IN .\Objects\main.obj
COMPILER INVOKED BY: N:\download2023\Keil_v5\C51\BIN\C51.EXE ..\2024.10.1 √‹¬ÎÀ¯\main.c OPTIMIZE(8,SPEED) BROWSE DEBUG O
                    -BJECTEXTEND PRINT(.\Listings\main.lst) TABS(2) OBJECT(.\Objects\main.obj)

line level    source

   1          #include <REGX52.H>
   2          #include "LCD1602.h"
   3          #include "MatrixKey.h"
   4          unsigned char a,at;
   5          
   6          void main()
   7          {
   8   1        LCD_Init();
   9   1        LCD_ShowString(1,1,"activated key:");
  10   1        while(1)
  11   1        {
  12   2          a = m_key();//‰∫åËøõÂà∂Ë°®Á§∫ÁöÑÁü©ÈòµÈîÆÁõòÊåâÈîÆ
  13   2          at = KeyNumber(a);//ËΩ¨Âåñ‰∏∫ÊåâÈîÆÁºñÂè∑
  14   2          LCD_ShowNum(2,1,at,2);
  15   2        }
  16   1      }


MODULE INFORMATION:   STATIC OVERLAYABLE
   CODE SIZE        =     42    ----
   CONSTANT SIZE    =     15    ----
   XDATA SIZE       =   ----    ----
   PDATA SIZE       =   ----    ----
   DATA SIZE        =      2    ----
   IDATA SIZE       =   ----    ----
   BIT SIZE         =   ----    ----
END OF MODULE INFORMATION.


C51 COMPILATION COMPLETE.  0 WARNING(S),  0 ERROR(S)
